<?xml version="1.0" encoding="UTF-8"?>
<!-- Generated by org.testng.reporters.JUnitXMLReporter -->
<testsuite ignored="0" hostname="MSI" failures="1" tests="3" name="Delta" time="5.434" errors="0" timestamp="2020-02-05T23:54:26 GMT+03:00">
  <testcase classname="TestPage.TestDashboard.TestDelta" name="testCheckPeriodEmptyField" time="1.357"/>
  <testcase classname="TestPage.TestDashboard.TestDelta" name="testCheckFiledMaxDeltaBytesEmptyValue" time="0.444"/>
  <testcase classname="TestPage.TestDashboard.TestDelta" name="testCheckFiledMaxDeltaMinutesEmptyValue" time="0.401">
    <failure type="java.lang.AssertionError" message="value must be a number expected [&amp;quot;&amp;quot; is not an integer number] but found [&amp;quot;NaN&amp;quot; is not an integer number]">
      <![CDATA[java.lang.AssertionError: value must be a number expected ["" is not an integer number] but found ["NaN" is not an integer number]
at TestPage.TestDashboard.TestDelta.testCheckFiledMaxDeltaMinutesEmptyValue(TestDelta.java:87)
at java.base/java.util.ArrayList.forEach(ArrayList.java:1540)
... Removed 35 stack frames]]>
    </failure>
  </testcase> <!-- testCheckFiledMaxDeltaMinutesEmptyValue -->
</testsuite> <!-- Delta -->
