<?xml version="1.0" encoding="UTF-8"?>
<!-- Generated by org.testng.reporters.JUnitXMLReporter -->
<testsuite ignored="0" hostname="MSI" failures="2" tests="21" name="Lockprint" time="20.432" errors="0" timestamp="2020-02-05T23:54:14 GMT+03:00">
  <testcase classname="TestPage.TestDashboard.TestLockprint" name="testCheckPeriodEmptyField" time="0.298"/>
  <testcase classname="TestPage.TestDashboard.TestLockprint" name="testCheckFiledDeadlockScansThresholdEmptyValue" time="1.03"/>
  <testcase classname="TestPage.TestDashboard.TestLockprint" name="testCreateFiledDeadlockScansThresholdNumbNegativeValue" time="0.259"/>
  <testcase classname="TestPage.TestDashboard.TestLockprint" name="testCheckFiledDeadlockThresholdEmptyValue" time="0.858"/>
  <testcase classname="TestPage.TestDashboard.TestLockprint" name="testCreateFiledDeadlockThresholdNumbNegativeValue" time="0.251"/>
  <testcase classname="TestPage.TestDashboard.TestLockprint" name="testCheckFiledMutexWaitThresholdEmptyValue" time="1.101"/>
  <testcase classname="TestPage.TestDashboard.TestLockprint" name="testCreateFiledMutexWaitThresholdNumbNegativeValue" time="0.256"/>
  <testcase classname="TestPage.TestDashboard.TestLockprint" name="testCheckFiledHashSlotsEmptyValue" time="0.859"/>
  <testcase classname="TestPage.TestDashboard.TestLockprint" name="testCreateFiledHashSlotsNumbNegativeValue" time="0.253"/>
  <testcase classname="TestPage.TestDashboard.TestLockprint" name="testCheckFiledMinLengthEmptyValue" time="0.867"/>
  <testcase classname="TestPage.TestDashboard.TestLockprint" name="testCreateFiledMinLengthNumbNegativeValue" time="0.253"/>
  <testcase classname="TestPage.TestDashboard.TestLockprint" name="testCheckFiledAverageLengthEmptyValue" time="0.887"/>
  <testcase classname="TestPage.TestDashboard.TestLockprint" name="testCreateFiledAverageLengthNumbNegativeValue" time="0.252"/>
  <testcase classname="TestPage.TestDashboard.TestLockprint" name="testCheckFiledOwnersLimitEmptyValue" time="0.852"/>
  <testcase classname="TestPage.TestDashboard.TestLockprint" name="testCreateFiledOwnersLimitNumbNegativeValue" time="0.269"/>
  <testcase classname="TestPage.TestDashboard.TestLockprint" name="testCheckFiledFreeOwnersLimitEmptyValue" time="0.851"/>
  <testcase classname="TestPage.TestDashboard.TestLockprint" name="testCreateFiledFreeOwnersLimitNumbNegativeValue" time="0.292"/>
  <testcase classname="TestPage.TestDashboard.TestLockprint" name="testCheckFiledLockTableSizeEmptyValue" time="0.868"/>
  <testcase classname="TestPage.TestDashboard.TestLockprint" name="testCreateFiledLockTableSizeNumbNegativeValue" time="0.295"/>
  <testcase classname="TestPage.TestDashboard.TestLockprint" name="testCheckFiledBuffersMaxEmptyValue" time="1.368">
    <failure type="java.lang.AssertionError" message="value must be a number expected [&amp;quot;&amp;quot; is not an integer number] but found [The server encountered an unexpected condition which prevented it from fulfilling the request]">
      <![CDATA[java.lang.AssertionError: value must be a number expected ["" is not an integer number] but found [The server encountered an unexpected condition which prevented it from fulfilling the request]
at TestPage.TestDashboard.TestLockprint.testCheckFiledBuffersMaxEmptyValue(TestLockprint.java:358)
at java.base/java.util.ArrayList.forEach(ArrayList.java:1540)
... Removed 35 stack frames]]>
    </failure>
  </testcase> <!-- testCheckFiledBuffersMaxEmptyValue -->
  <testcase classname="TestPage.TestDashboard.TestLockprint" name="testCreateFiledBuffersMaxNumbNegativeValue" time="3.774">
    <failure type="org.openqa.selenium.NoSuchElementException" message="no such element: Unable to locate element: {&amp;quot;method&amp;quot;:&amp;quot;xpath&amp;quot;,&amp;quot;selector&amp;quot;:&amp;quot;(//*[@class=&amp;apos;alert alert-danger&amp;apos;]//span)[2]&amp;quot;}
  (Session info: chrome=79.0.3945.130)
For documentation on this error, please visit: http://seleniumhq.org/exceptions/no_such_element.html
Build info: version: &amp;apos;3.14.0&amp;apos;, revision: &amp;apos;aacccce0&amp;apos;, time: &amp;apos;2018-08-02T20:19:58.91Z&amp;apos;
System info: host: &amp;apos;MSI&amp;apos;, ip: &amp;apos;192.168.0.105&amp;apos;, os.name: &amp;apos;Windows 10&amp;apos;, os.arch: &amp;apos;amd64&amp;apos;, os.version: &amp;apos;10.0&amp;apos;, java.version: &amp;apos;12&amp;apos;
Driver info: org.openqa.selenium.chrome.ChromeDriver
Capabilities {acceptInsecureCerts: false, browserName: chrome, browserVersion: 79.0.3945.130, chrome: {chromedriverVersion: 78.0.3904.70 (edb9c9f3de024..., userDataDir: C:\Users\Proger\AppData\Loc...}, goog:chromeOptions: {debuggerAddress: localhost:51119}, javascriptEnabled: true, networkConnectionEnabled: false, pageLoadStrategy: normal, platform: XP, platformName: XP, proxy: Proxy(), setWindowRect: true, strictFileInteractability: false, timeouts: {implicit: 0, pageLoad: 300000, script: 30000}, unhandledPromptBehavior: dismiss and notify}
Session ID: e06d9cc8825f39d2eff65e1f8163cc08
*** Element info: {Using=xpath, value=(//*[@class=&amp;apos;alert alert-danger&amp;apos;]//span)[2]}">
      <![CDATA[org.openqa.selenium.NoSuchElementException: no such element: Unable to locate element: {"method":"xpath","selector":"(//*[@class='alert alert-danger']//span)[2]"}
  (Session info: chrome=79.0.3945.130)
For documentation on this error, please visit: http://seleniumhq.org/exceptions/no_such_element.html
Build info: version: '3.14.0', revision: 'aacccce0', time: '2018-08-02T20:19:58.91Z'
System info: host: 'MSI', ip: '192.168.0.105', os.name: 'Windows 10', os.arch: 'amd64', os.version: '10.0', java.version: '12'
Driver info: org.openqa.selenium.chrome.ChromeDriver
Capabilities {acceptInsecureCerts: false, browserName: chrome, browserVersion: 79.0.3945.130, chrome: {chromedriverVersion: 78.0.3904.70 (edb9c9f3de024..., userDataDir: C:\Users\Proger\AppData\Loc...}, goog:chromeOptions: {debuggerAddress: localhost:51119}, javascriptEnabled: true, networkConnectionEnabled: false, pageLoadStrategy: normal, platform: XP, platformName: XP, proxy: Proxy(), setWindowRect: true, strictFileInteractability: false, timeouts: {implicit: 0, pageLoad: 300000, script: 30000}, unhandledPromptBehavior: dismiss and notify}
Session ID: e06d9cc8825f39d2eff65e1f8163cc08
*** Element info: {Using=xpath, value=(//*[@class='alert alert-danger']//span)[2]}
at org.openqa.selenium.remote.http.W3CHttpResponseCodec.createException(W3CHttpResponseCodec.java:187)
at org.openqa.selenium.remote.http.W3CHttpResponseCodec.decode(W3CHttpResponseCodec.java:122)
at org.openqa.selenium.remote.http.W3CHttpResponseCodec.decode(W3CHttpResponseCodec.java:49)
at org.openqa.selenium.remote.HttpCommandExecutor.execute(HttpCommandExecutor.java:158)
at org.openqa.selenium.remote.service.DriverCommandExecutor.execute(DriverCommandExecutor.java:83)
at org.openqa.selenium.remote.RemoteWebDriver.execute(RemoteWebDriver.java:548)
at org.openqa.selenium.remote.RemoteWebDriver.findElement(RemoteWebDriver.java:322)
at org.openqa.selenium.remote.RemoteWebDriver.findElementByXPath(RemoteWebDriver.java:424)
at org.openqa.selenium.By$ByXPath.findElement(By.java:353)
at org.openqa.selenium.remote.RemoteWebDriver.findElement(RemoteWebDriver.java:314)
at org.openqa.selenium.support.pagefactory.DefaultElementLocator.findElement(DefaultElementLocator.java:69)
at org.openqa.selenium.support.pagefactory.internal.LocatingElementHandler.invoke(LocatingElementHandler.java:38)
at com.sun.proxy.$Proxy14.getText(Unknown Source)
at TestPage.TestDashboard.TestLockprint.testCreateFiledBuffersMaxNumbNegativeValue(TestLockprint.java:374)
at java.base/java.util.ArrayList.forEach(ArrayList.java:1540)
... Removed 35 stack frames]]>
    </failure>
  </testcase> <!-- testCreateFiledBuffersMaxNumbNegativeValue -->
</testsuite> <!-- Lockprint -->
