<?xml version="1.0" encoding="UTF-8"?>
<!-- Generated by org.testng.reporters.JUnitXMLReporter -->
<testsuite ignored="0" hostname="MSI" failures="4" tests="15" name="Replica" time="18.127" errors="0" timestamp="2020-02-05T23:55:17 GMT+03:00">
  <testcase classname="TestPage.TestDashboard.Replica.TestReplica" name="testCreateMasterSync_EmptyReplicaDatabaseField" time="3.037">
    <failure type="org.openqa.selenium.NoSuchElementException" message="no such element: Unable to locate element: {&amp;quot;method&amp;quot;:&amp;quot;xpath&amp;quot;,&amp;quot;selector&amp;quot;:&amp;quot;//*[@class=&amp;apos;db-item-tab&amp;apos;]//span[text()=&amp;apos;MasterSync&amp;apos;]&amp;quot;}
  (Session info: chrome=79.0.3945.130)
For documentation on this error, please visit: http://seleniumhq.org/exceptions/no_such_element.html
Build info: version: &amp;apos;3.14.0&amp;apos;, revision: &amp;apos;aacccce0&amp;apos;, time: &amp;apos;2018-08-02T20:19:58.91Z&amp;apos;
System info: host: &amp;apos;MSI&amp;apos;, ip: &amp;apos;192.168.0.105&amp;apos;, os.name: &amp;apos;Windows 10&amp;apos;, os.arch: &amp;apos;amd64&amp;apos;, os.version: &amp;apos;10.0&amp;apos;, java.version: &amp;apos;12&amp;apos;
Driver info: org.openqa.selenium.chrome.ChromeDriver
Capabilities {acceptInsecureCerts: false, browserName: chrome, browserVersion: 79.0.3945.130, chrome: {chromedriverVersion: 78.0.3904.70 (edb9c9f3de024..., userDataDir: C:\Users\Proger\AppData\Loc...}, goog:chromeOptions: {debuggerAddress: localhost:51119}, javascriptEnabled: true, networkConnectionEnabled: false, pageLoadStrategy: normal, platform: XP, platformName: XP, proxy: Proxy(), setWindowRect: true, strictFileInteractability: false, timeouts: {implicit: 0, pageLoad: 300000, script: 30000}, unhandledPromptBehavior: dismiss and notify}
Session ID: e06d9cc8825f39d2eff65e1f8163cc08
*** Element info: {Using=xpath, value=//*[@class=&amp;apos;db-item-tab&amp;apos;]//span[text()=&amp;apos;MasterSync&amp;apos;]}">
      <![CDATA[org.openqa.selenium.NoSuchElementException: no such element: Unable to locate element: {"method":"xpath","selector":"//*[@class='db-item-tab']//span[text()='MasterSync']"}
  (Session info: chrome=79.0.3945.130)
For documentation on this error, please visit: http://seleniumhq.org/exceptions/no_such_element.html
Build info: version: '3.14.0', revision: 'aacccce0', time: '2018-08-02T20:19:58.91Z'
System info: host: 'MSI', ip: '192.168.0.105', os.name: 'Windows 10', os.arch: 'amd64', os.version: '10.0', java.version: '12'
Driver info: org.openqa.selenium.chrome.ChromeDriver
Capabilities {acceptInsecureCerts: false, browserName: chrome, browserVersion: 79.0.3945.130, chrome: {chromedriverVersion: 78.0.3904.70 (edb9c9f3de024..., userDataDir: C:\Users\Proger\AppData\Loc...}, goog:chromeOptions: {debuggerAddress: localhost:51119}, javascriptEnabled: true, networkConnectionEnabled: false, pageLoadStrategy: normal, platform: XP, platformName: XP, proxy: Proxy(), setWindowRect: true, strictFileInteractability: false, timeouts: {implicit: 0, pageLoad: 300000, script: 30000}, unhandledPromptBehavior: dismiss and notify}
Session ID: e06d9cc8825f39d2eff65e1f8163cc08
*** Element info: {Using=xpath, value=//*[@class='db-item-tab']//span[text()='MasterSync']}
at org.openqa.selenium.remote.http.W3CHttpResponseCodec.createException(W3CHttpResponseCodec.java:187)
at org.openqa.selenium.remote.http.W3CHttpResponseCodec.decode(W3CHttpResponseCodec.java:122)
at org.openqa.selenium.remote.http.W3CHttpResponseCodec.decode(W3CHttpResponseCodec.java:49)
at org.openqa.selenium.remote.HttpCommandExecutor.execute(HttpCommandExecutor.java:158)
at org.openqa.selenium.remote.service.DriverCommandExecutor.execute(DriverCommandExecutor.java:83)
at org.openqa.selenium.remote.RemoteWebDriver.execute(RemoteWebDriver.java:548)
at org.openqa.selenium.remote.RemoteWebDriver.findElement(RemoteWebDriver.java:322)
at org.openqa.selenium.remote.RemoteWebDriver.findElementByXPath(RemoteWebDriver.java:424)
at org.openqa.selenium.By$ByXPath.findElement(By.java:353)
at org.openqa.selenium.remote.RemoteWebDriver.findElement(RemoteWebDriver.java:314)
at TestPageLocator.GeneralLocators.NameBDText(GeneralLocators.java:310)
at TestPage.TestDashboard.Replica.TestReplica.ClickAndCheckBd(TestReplica.java:336)
at TestPage.TestDashboard.Replica.TestReplica.testCreateMasterSync_EmptyReplicaDatabaseField(TestReplica.java:57)
at java.base/java.util.ArrayList.forEach(ArrayList.java:1540)
... Removed 35 stack frames]]>
    </failure>
  </testcase> <!-- testCreateMasterSync_EmptyReplicaDatabaseField -->
  <testcase classname="TestPage.TestDashboard.Replica.TestReplica" name="testCreateMasterSync_Correct" time="3.012">
    <failure type="org.openqa.selenium.NoSuchElementException" message="no such element: Unable to locate element: {&amp;quot;method&amp;quot;:&amp;quot;css selector&amp;quot;,&amp;quot;selector&amp;quot;:&amp;quot;#form\-db\-replica_database&amp;quot;}
  (Session info: chrome=79.0.3945.130)
For documentation on this error, please visit: http://seleniumhq.org/exceptions/no_such_element.html
Build info: version: &amp;apos;3.14.0&amp;apos;, revision: &amp;apos;aacccce0&amp;apos;, time: &amp;apos;2018-08-02T20:19:58.91Z&amp;apos;
System info: host: &amp;apos;MSI&amp;apos;, ip: &amp;apos;192.168.0.105&amp;apos;, os.name: &amp;apos;Windows 10&amp;apos;, os.arch: &amp;apos;amd64&amp;apos;, os.version: &amp;apos;10.0&amp;apos;, java.version: &amp;apos;12&amp;apos;
Driver info: org.openqa.selenium.chrome.ChromeDriver
Capabilities {acceptInsecureCerts: false, browserName: chrome, browserVersion: 79.0.3945.130, chrome: {chromedriverVersion: 78.0.3904.70 (edb9c9f3de024..., userDataDir: C:\Users\Proger\AppData\Loc...}, goog:chromeOptions: {debuggerAddress: localhost:51119}, javascriptEnabled: true, networkConnectionEnabled: false, pageLoadStrategy: normal, platform: XP, platformName: XP, proxy: Proxy(), setWindowRect: true, strictFileInteractability: false, timeouts: {implicit: 0, pageLoad: 300000, script: 30000}, unhandledPromptBehavior: dismiss and notify}
Session ID: e06d9cc8825f39d2eff65e1f8163cc08
*** Element info: {Using=id, value=form-db-replica_database}">
      <![CDATA[org.openqa.selenium.NoSuchElementException: no such element: Unable to locate element: {"method":"css selector","selector":"#form\-db\-replica_database"}
  (Session info: chrome=79.0.3945.130)
For documentation on this error, please visit: http://seleniumhq.org/exceptions/no_such_element.html
Build info: version: '3.14.0', revision: 'aacccce0', time: '2018-08-02T20:19:58.91Z'
System info: host: 'MSI', ip: '192.168.0.105', os.name: 'Windows 10', os.arch: 'amd64', os.version: '10.0', java.version: '12'
Driver info: org.openqa.selenium.chrome.ChromeDriver
Capabilities {acceptInsecureCerts: false, browserName: chrome, browserVersion: 79.0.3945.130, chrome: {chromedriverVersion: 78.0.3904.70 (edb9c9f3de024..., userDataDir: C:\Users\Proger\AppData\Loc...}, goog:chromeOptions: {debuggerAddress: localhost:51119}, javascriptEnabled: true, networkConnectionEnabled: false, pageLoadStrategy: normal, platform: XP, platformName: XP, proxy: Proxy(), setWindowRect: true, strictFileInteractability: false, timeouts: {implicit: 0, pageLoad: 300000, script: 30000}, unhandledPromptBehavior: dismiss and notify}
Session ID: e06d9cc8825f39d2eff65e1f8163cc08
*** Element info: {Using=id, value=form-db-replica_database}
at org.openqa.selenium.remote.http.W3CHttpResponseCodec.createException(W3CHttpResponseCodec.java:187)
at org.openqa.selenium.remote.http.W3CHttpResponseCodec.decode(W3CHttpResponseCodec.java:122)
at org.openqa.selenium.remote.http.W3CHttpResponseCodec.decode(W3CHttpResponseCodec.java:49)
at org.openqa.selenium.remote.HttpCommandExecutor.execute(HttpCommandExecutor.java:158)
at org.openqa.selenium.remote.service.DriverCommandExecutor.execute(DriverCommandExecutor.java:83)
at org.openqa.selenium.remote.RemoteWebDriver.execute(RemoteWebDriver.java:548)
at org.openqa.selenium.remote.RemoteWebDriver.findElement(RemoteWebDriver.java:322)
at org.openqa.selenium.remote.RemoteWebDriver.findElementById(RemoteWebDriver.java:368)
at org.openqa.selenium.By$ById.findElement(By.java:188)
at org.openqa.selenium.remote.RemoteWebDriver.findElement(RemoteWebDriver.java:314)
at org.openqa.selenium.support.pagefactory.DefaultElementLocator.findElement(DefaultElementLocator.java:69)
at org.openqa.selenium.support.pagefactory.internal.LocatingElementHandler.invoke(LocatingElementHandler.java:38)
at com.sun.proxy.$Proxy14.clear(Unknown Source)
at Helpers.Helper.setValue(Helper.java:68)
at TestPage.TestDashboard.Replica.TestReplica.testCreateMasterSync_Correct(TestReplica.java:75)
at java.base/java.util.ArrayList.forEach(ArrayList.java:1540)
... Removed 35 stack frames]]>
    </failure>
  </testcase> <!-- testCreateMasterSync_Correct -->
  <testcase classname="TestPage.TestDashboard.Replica.TestReplica" name="testCreateReplicaSync_Correct" time="3.774">
    <failure type="org.openqa.selenium.NoSuchElementException" message="no such element: Unable to locate element: {&amp;quot;method&amp;quot;:&amp;quot;xpath&amp;quot;,&amp;quot;selector&amp;quot;:&amp;quot;//*[@class=&amp;apos;db-item-tab&amp;apos;]//span[text()=&amp;apos;ReplicaSync&amp;apos;]&amp;quot;}
  (Session info: chrome=79.0.3945.130)
For documentation on this error, please visit: http://seleniumhq.org/exceptions/no_such_element.html
Build info: version: &amp;apos;3.14.0&amp;apos;, revision: &amp;apos;aacccce0&amp;apos;, time: &amp;apos;2018-08-02T20:19:58.91Z&amp;apos;
System info: host: &amp;apos;MSI&amp;apos;, ip: &amp;apos;192.168.0.105&amp;apos;, os.name: &amp;apos;Windows 10&amp;apos;, os.arch: &amp;apos;amd64&amp;apos;, os.version: &amp;apos;10.0&amp;apos;, java.version: &amp;apos;12&amp;apos;
Driver info: org.openqa.selenium.chrome.ChromeDriver
Capabilities {acceptInsecureCerts: false, browserName: chrome, browserVersion: 79.0.3945.130, chrome: {chromedriverVersion: 78.0.3904.70 (edb9c9f3de024..., userDataDir: C:\Users\Proger\AppData\Loc...}, goog:chromeOptions: {debuggerAddress: localhost:51119}, javascriptEnabled: true, networkConnectionEnabled: false, pageLoadStrategy: normal, platform: XP, platformName: XP, proxy: Proxy(), setWindowRect: true, strictFileInteractability: false, timeouts: {implicit: 0, pageLoad: 300000, script: 30000}, unhandledPromptBehavior: dismiss and notify}
Session ID: e06d9cc8825f39d2eff65e1f8163cc08
*** Element info: {Using=xpath, value=//*[@class=&amp;apos;db-item-tab&amp;apos;]//span[text()=&amp;apos;ReplicaSync&amp;apos;]}">
      <![CDATA[org.openqa.selenium.NoSuchElementException: no such element: Unable to locate element: {"method":"xpath","selector":"//*[@class='db-item-tab']//span[text()='ReplicaSync']"}
  (Session info: chrome=79.0.3945.130)
For documentation on this error, please visit: http://seleniumhq.org/exceptions/no_such_element.html
Build info: version: '3.14.0', revision: 'aacccce0', time: '2018-08-02T20:19:58.91Z'
System info: host: 'MSI', ip: '192.168.0.105', os.name: 'Windows 10', os.arch: 'amd64', os.version: '10.0', java.version: '12'
Driver info: org.openqa.selenium.chrome.ChromeDriver
Capabilities {acceptInsecureCerts: false, browserName: chrome, browserVersion: 79.0.3945.130, chrome: {chromedriverVersion: 78.0.3904.70 (edb9c9f3de024..., userDataDir: C:\Users\Proger\AppData\Loc...}, goog:chromeOptions: {debuggerAddress: localhost:51119}, javascriptEnabled: true, networkConnectionEnabled: false, pageLoadStrategy: normal, platform: XP, platformName: XP, proxy: Proxy(), setWindowRect: true, strictFileInteractability: false, timeouts: {implicit: 0, pageLoad: 300000, script: 30000}, unhandledPromptBehavior: dismiss and notify}
Session ID: e06d9cc8825f39d2eff65e1f8163cc08
*** Element info: {Using=xpath, value=//*[@class='db-item-tab']//span[text()='ReplicaSync']}
at org.openqa.selenium.remote.http.W3CHttpResponseCodec.createException(W3CHttpResponseCodec.java:187)
at org.openqa.selenium.remote.http.W3CHttpResponseCodec.decode(W3CHttpResponseCodec.java:122)
at org.openqa.selenium.remote.http.W3CHttpResponseCodec.decode(W3CHttpResponseCodec.java:49)
at org.openqa.selenium.remote.HttpCommandExecutor.execute(HttpCommandExecutor.java:158)
at org.openqa.selenium.remote.service.DriverCommandExecutor.execute(DriverCommandExecutor.java:83)
at org.openqa.selenium.remote.RemoteWebDriver.execute(RemoteWebDriver.java:548)
at org.openqa.selenium.remote.RemoteWebDriver.findElement(RemoteWebDriver.java:322)
at org.openqa.selenium.remote.RemoteWebDriver.findElementByXPath(RemoteWebDriver.java:424)
at org.openqa.selenium.By$ByXPath.findElement(By.java:353)
at org.openqa.selenium.remote.RemoteWebDriver.findElement(RemoteWebDriver.java:314)
at TestPageLocator.GeneralLocators.NameBDText(GeneralLocators.java:310)
at TestPage.TestDashboard.Replica.TestReplica.ClickAndCheckBd(TestReplica.java:336)
at TestPage.TestDashboard.Replica.TestReplica.testCreateReplicaSync_Correct(TestReplica.java:87)
at java.base/java.util.ArrayList.forEach(ArrayList.java:1540)
... Removed 35 stack frames]]>
    </failure>
  </testcase> <!-- testCreateReplicaSync_Correct -->
  <testcase classname="TestPage.TestDashboard.Replica.TestReplica" name="testCreateMasterAsync_EmptyLogDirectoryField" time="4.292">
    <failure type="org.openqa.selenium.NoSuchElementException" message="no such element: Unable to locate element: {&amp;quot;method&amp;quot;:&amp;quot;xpath&amp;quot;,&amp;quot;selector&amp;quot;:&amp;quot;//*[@class=&amp;apos;db-item-tab&amp;apos;]//span[text()=&amp;apos;MasterAsync&amp;apos;]&amp;quot;}
  (Session info: chrome=79.0.3945.130)
For documentation on this error, please visit: http://seleniumhq.org/exceptions/no_such_element.html
Build info: version: &amp;apos;3.14.0&amp;apos;, revision: &amp;apos;aacccce0&amp;apos;, time: &amp;apos;2018-08-02T20:19:58.91Z&amp;apos;
System info: host: &amp;apos;MSI&amp;apos;, ip: &amp;apos;192.168.0.105&amp;apos;, os.name: &amp;apos;Windows 10&amp;apos;, os.arch: &amp;apos;amd64&amp;apos;, os.version: &amp;apos;10.0&amp;apos;, java.version: &amp;apos;12&amp;apos;
Driver info: org.openqa.selenium.chrome.ChromeDriver
Capabilities {acceptInsecureCerts: false, browserName: chrome, browserVersion: 79.0.3945.130, chrome: {chromedriverVersion: 78.0.3904.70 (edb9c9f3de024..., userDataDir: C:\Users\Proger\AppData\Loc...}, goog:chromeOptions: {debuggerAddress: localhost:51119}, javascriptEnabled: true, networkConnectionEnabled: false, pageLoadStrategy: normal, platform: XP, platformName: XP, proxy: Proxy(), setWindowRect: true, strictFileInteractability: false, timeouts: {implicit: 0, pageLoad: 300000, script: 30000}, unhandledPromptBehavior: dismiss and notify}
Session ID: e06d9cc8825f39d2eff65e1f8163cc08
*** Element info: {Using=xpath, value=//*[@class=&amp;apos;db-item-tab&amp;apos;]//span[text()=&amp;apos;MasterAsync&amp;apos;]}">
      <![CDATA[org.openqa.selenium.NoSuchElementException: no such element: Unable to locate element: {"method":"xpath","selector":"//*[@class='db-item-tab']//span[text()='MasterAsync']"}
  (Session info: chrome=79.0.3945.130)
For documentation on this error, please visit: http://seleniumhq.org/exceptions/no_such_element.html
Build info: version: '3.14.0', revision: 'aacccce0', time: '2018-08-02T20:19:58.91Z'
System info: host: 'MSI', ip: '192.168.0.105', os.name: 'Windows 10', os.arch: 'amd64', os.version: '10.0', java.version: '12'
Driver info: org.openqa.selenium.chrome.ChromeDriver
Capabilities {acceptInsecureCerts: false, browserName: chrome, browserVersion: 79.0.3945.130, chrome: {chromedriverVersion: 78.0.3904.70 (edb9c9f3de024..., userDataDir: C:\Users\Proger\AppData\Loc...}, goog:chromeOptions: {debuggerAddress: localhost:51119}, javascriptEnabled: true, networkConnectionEnabled: false, pageLoadStrategy: normal, platform: XP, platformName: XP, proxy: Proxy(), setWindowRect: true, strictFileInteractability: false, timeouts: {implicit: 0, pageLoad: 300000, script: 30000}, unhandledPromptBehavior: dismiss and notify}
Session ID: e06d9cc8825f39d2eff65e1f8163cc08
*** Element info: {Using=xpath, value=//*[@class='db-item-tab']//span[text()='MasterAsync']}
at org.openqa.selenium.remote.http.W3CHttpResponseCodec.createException(W3CHttpResponseCodec.java:187)
at org.openqa.selenium.remote.http.W3CHttpResponseCodec.decode(W3CHttpResponseCodec.java:122)
at org.openqa.selenium.remote.http.W3CHttpResponseCodec.decode(W3CHttpResponseCodec.java:49)
at org.openqa.selenium.remote.HttpCommandExecutor.execute(HttpCommandExecutor.java:158)
at org.openqa.selenium.remote.service.DriverCommandExecutor.execute(DriverCommandExecutor.java:83)
at org.openqa.selenium.remote.RemoteWebDriver.execute(RemoteWebDriver.java:548)
at org.openqa.selenium.remote.RemoteWebDriver.findElement(RemoteWebDriver.java:322)
at org.openqa.selenium.remote.RemoteWebDriver.findElementByXPath(RemoteWebDriver.java:424)
at org.openqa.selenium.By$ByXPath.findElement(By.java:353)
at org.openqa.selenium.remote.RemoteWebDriver.findElement(RemoteWebDriver.java:314)
at TestPageLocator.GeneralLocators.NameBDText(GeneralLocators.java:310)
at TestPage.TestDashboard.Replica.TestReplica.ClickAndCheckBd(TestReplica.java:336)
at TestPage.TestDashboard.Replica.TestReplica.testCreateMasterAsync_EmptyLogDirectoryField(TestReplica.java:103)
at java.base/java.util.ArrayList.forEach(ArrayList.java:1540)
... Removed 35 stack frames]]>
    </failure>
  </testcase> <!-- testCreateMasterAsync_EmptyLogDirectoryField -->
  <testcase classname="TestPage.TestDashboard.Replica.TestReplica" name="testCreateMasterAsync_EmptyLogArchiveDirectoryField" time="0.0">
    <skipped/>
  </testcase> <!-- testCreateMasterAsync_EmptyLogArchiveDirectoryField -->
  <testcase classname="TestPage.TestDashboard.Replica.TestReplica" name="testCreateMasterAsync_IncorrectLogArchiveTimeoutField" time="0.0">
    <skipped/>
  </testcase> <!-- testCreateMasterAsync_IncorrectLogArchiveTimeoutField -->
  <testcase classname="TestPage.TestDashboard.Replica.TestReplica" name="testCreateMasterAsync_Correct" time="0.0">
    <skipped/>
  </testcase> <!-- testCreateMasterAsync_Correct -->
  <testcase classname="TestPage.TestDashboard.Replica.TestReplica" name="testCreateMasterAsync_CheckCreateTable" time="0.0">
    <skipped/>
  </testcase> <!-- testCreateMasterAsync_CheckCreateTable -->
  <testcase classname="TestPage.TestDashboard.Replica.TestReplica" name="testCreateMasterAsync_ReinitializeReplicaDatabaseCorrect" time="0.0">
    <skipped/>
  </testcase> <!-- testCreateMasterAsync_ReinitializeReplicaDatabaseCorrect -->
  <testcase classname="TestPage.TestDashboard.Replica.TestReplica" name="testCreateReplicaAsync_EmptyLogArchiveDirectoryField" time="0.0">
    <skipped/>
  </testcase> <!-- testCreateReplicaAsync_EmptyLogArchiveDirectoryField -->
  <testcase classname="TestPage.TestDashboard.Replica.TestReplica" name="testCreateReplicaAsync_Correct" time="0.0">
    <skipped/>
  </testcase> <!-- testCreateReplicaAsync_Correct -->
  <testcase classname="TestPage.TestDashboard.Replica.TestReplica" name="testAddFtpCorrect" time="0.0">
    <skipped/>
  </testcase> <!-- testAddFtpCorrect -->
  <testcase classname="TestPage.TestDashboard.Replica.TestReplica" name="testAddCloudBackupCorrect" time="0.0">
    <skipped/>
  </testcase> <!-- testAddCloudBackupCorrect -->
  <testcase classname="TestPage.TestDashboard.Replica.TestReplica" name="testAddCloudBackupReceiverCorrect" time="0.0">
    <skipped/>
  </testcase> <!-- testAddCloudBackupReceiverCorrect -->
  <testcase classname="TestPage.TestDashboard.Replica.TestReplica" name="testCreateReplicaAsync_CheckSelectTable" time="0.0">
    <skipped/>
  </testcase> <!-- testCreateReplicaAsync_CheckSelectTable -->
</testsuite> <!-- Replica -->
